[2025-12-13 15:20:10] run_start method=PHResetSGD mode=ph_reset_sgd seed=0 h=1 device=cuda
[2025-12-13 15:20:10] cfg L=64 M=128 B=32 K=4 lr=0.0003 warmup=200
[2025-12-13 15:20:10] progress step=0/5936 loss=6.470235 ema=6.470235
[2025-12-13 15:20:10] progress step=200/5936 loss=0.927846 ema=2.318668
[2025-12-13 15:20:11] progress step=400/5936 loss=0.443792 ema=1.114961
[2025-12-13 15:20:12] progress step=600/5936 loss=0.001221 ema=0.646431
[2025-12-13 15:20:13] progress step=800/5936 loss=0.022220 ema=0.395298
[2025-12-13 15:20:14] drift_detected step=972 optimizer_reset=1
[2025-12-13 15:20:14] progress step=1000/5936 loss=0.364481 ema=0.928900
[2025-12-13 15:20:15] progress step=1200/5936 loss=2.104797 ema=1.002636
[2025-12-13 15:20:17] progress step=1400/5936 loss=1.703936 ema=0.920687
[2025-12-13 15:20:18] progress step=1600/5936 loss=0.056733 ema=0.855019
[2025-12-13 15:20:19] progress step=1800/5936 loss=0.651326 ema=0.825651
[2025-12-13 15:20:20] progress step=2000/5936 loss=0.000524 ema=0.647903
[2025-12-13 15:20:20] progress step=2200/5936 loss=0.791362 ema=0.633029
[2025-12-13 15:20:21] progress step=2400/5936 loss=1.391352 ema=0.472531
[2025-12-13 15:20:22] progress step=2600/5936 loss=0.313326 ema=0.423931
[2025-12-13 15:20:23] progress step=2800/5936 loss=0.421093 ema=0.497787
[2025-12-13 15:20:24] progress step=3000/5936 loss=0.101837 ema=0.469807
[2025-12-13 15:20:25] progress step=3200/5936 loss=0.076369 ema=0.507715
[2025-12-13 15:20:26] progress step=3400/5936 loss=0.123270 ema=0.401067
[2025-12-13 15:20:27] progress step=3600/5936 loss=0.254023 ema=0.273752
[2025-12-13 15:20:28] progress step=3800/5936 loss=0.034965 ema=0.374212
[2025-12-13 15:20:29] drift_detected step=3940 optimizer_reset=1
[2025-12-13 15:20:29] progress step=4000/5936 loss=3.510845 ema=2.572563
[2025-12-13 15:20:30] progress step=4200/5936 loss=0.689016 ema=1.544890
[2025-12-13 15:20:31] progress step=4400/5936 loss=0.028329 ema=0.659627
[2025-12-13 15:20:32] progress step=4600/5936 loss=0.007297 ema=0.464930
[2025-12-13 15:20:33] progress step=4800/5936 loss=0.038319 ema=0.334788
[2025-12-13 15:20:34] drift_detected step=4936 optimizer_reset=1
[2025-12-13 15:20:34] progress step=5000/5936 loss=0.316176 ema=0.962958
[2025-12-13 15:20:35] progress step=5200/5936 loss=0.335113 ema=0.545130
[2025-12-13 15:20:36] progress step=5400/5936 loss=0.021341 ema=0.452333
[2025-12-13 15:20:37] progress step=5600/5936 loss=0.013896 ema=0.321476
[2025-12-13 15:20:38] progress step=5800/5936 loss=0.825796 ema=0.376259
[2025-12-13 15:20:39] run_end status=OK
