[2025-12-13 12:30:43] experiment_id=exp_0003_20251213_123043
[2025-12-13 12:30:43] command=driftrpl_paper_final.py --device cuda --seeds 0 1 2 3 4 --hs 1 5 10 --save_runs --save_checkpoints --live_loss --log_every 500
[2025-12-13 12:30:43] device=cuda model=gru seeds=[0, 1, 2, 3, 4] hs=[1, 5, 10]
[2025-12-13 12:30:51] done method=Static seed=0 h=1 MAE=1.547334 RMSE=2.202671 sMAPE=1.827888 Rec=1.560376
[2025-12-13 12:31:37] done method=OnlineSGD seed=0 h=1 MAE=0.584516 RMSE=0.752306 sMAPE=0.769040 Rec=0.766277
[2025-12-13 12:32:39] done method=SlidingWindowSGD seed=0 h=1 MAE=0.553266 RMSE=0.733276 sMAPE=0.731859 Rec=0.883271
[2025-12-13 12:33:39] done method=PHResetSGD seed=0 h=1 MAE=0.588890 RMSE=0.764624 sMAPE=0.768616 Rec=0.789934
[2025-12-13 12:34:42] done method=UniformReplay seed=0 h=1 MAE=0.534160 RMSE=0.711306 sMAPE=0.722882 Rec=0.816667
[2025-12-13 12:35:46] done method=ReservoirReplay seed=0 h=1 MAE=0.760805 RMSE=0.977293 sMAPE=0.867824 Rec=0.991013
[2025-12-13 12:36:50] done method=DriftRPL seed=0 h=1 MAE=0.808996 RMSE=1.044654 sMAPE=1.078899 Rec=1.032027
[2025-12-13 12:37:01] done method=Static seed=1 h=1 MAE=1.451173 RMSE=1.870369 sMAPE=1.954834 Rec=1.453355
[2025-12-13 12:37:56] done method=OnlineSGD seed=1 h=1 MAE=0.597950 RMSE=0.775562 sMAPE=0.731928 Rec=0.705409
[2025-12-13 12:39:00] done method=SlidingWindowSGD seed=1 h=1 MAE=0.544483 RMSE=0.722216 sMAPE=0.702539 Rec=0.733424
[2025-12-13 12:40:01] done method=PHResetSGD seed=1 h=1 MAE=0.609336 RMSE=0.795696 sMAPE=0.738653 Rec=0.760380
[2025-12-13 12:40:59] done method=UniformReplay seed=1 h=1 MAE=0.557628 RMSE=0.733818 sMAPE=0.721665 Rec=0.715267
[2025-12-13 12:42:07] done method=ReservoirReplay seed=1 h=1 MAE=0.729915 RMSE=0.946906 sMAPE=0.822041 Rec=0.893313
[2025-12-13 12:43:15] done method=DriftRPL seed=1 h=1 MAE=0.638993 RMSE=0.816394 sMAPE=0.782533 Rec=0.648083
[2025-12-13 12:43:23] done method=Static seed=2 h=1 MAE=0.921250 RMSE=1.188034 sMAPE=1.702436 Rec=0.739929
[2025-12-13 12:44:09] done method=OnlineSGD seed=2 h=1 MAE=0.549992 RMSE=0.715433 sMAPE=0.909620 Rec=0.582472
[2025-12-13 12:45:10] done method=SlidingWindowSGD seed=2 h=1 MAE=0.534716 RMSE=0.704109 sMAPE=0.892490 Rec=0.675246
[2025-12-13 12:46:12] done method=PHResetSGD seed=2 h=1 MAE=0.550250 RMSE=0.715192 sMAPE=0.912285 Rec=0.588270
[2025-12-13 12:47:12] done method=UniformReplay seed=2 h=1 MAE=0.537562 RMSE=0.706067 sMAPE=0.899976 Rec=0.656596
[2025-12-13 12:47:53] done method=ReservoirReplay seed=2 h=1 MAE=0.647374 RMSE=0.847127 sMAPE=0.986591 Rec=0.801939
[2025-12-13 12:48:56] done method=DriftRPL seed=2 h=1 MAE=0.645951 RMSE=0.832098 sMAPE=1.214563 Rec=0.652282
[2025-12-13 12:49:07] done method=Static seed=3 h=1 MAE=0.987768 RMSE=1.289872 sMAPE=1.787143 Rec=1.020592
[2025-12-13 12:50:05] done method=OnlineSGD seed=3 h=1 MAE=0.555580 RMSE=0.714998 sMAPE=0.870079 Rec=0.638096
[2025-12-13 12:51:06] done method=SlidingWindowSGD seed=3 h=1 MAE=0.522904 RMSE=0.678708 sMAPE=0.839036 Rec=0.681725
[2025-12-13 12:52:01] done method=PHResetSGD seed=3 h=1 MAE=0.558803 RMSE=0.719157 sMAPE=0.876982 Rec=0.681511
[2025-12-13 12:52:58] done method=UniformReplay seed=3 h=1 MAE=0.530264 RMSE=0.691208 sMAPE=0.844411 Rec=0.700780
[2025-12-13 12:54:02] done method=ReservoirReplay seed=3 h=1 MAE=0.676868 RMSE=0.893329 sMAPE=0.982213 Rec=0.759129
[2025-12-13 12:55:06] done method=DriftRPL seed=3 h=1 MAE=0.698919 RMSE=0.882377 sMAPE=1.226316 Rec=0.817932
[2025-12-13 12:55:17] done method=Static seed=4 h=1 MAE=1.057415 RMSE=1.367953 sMAPE=1.848667 Rec=1.141815
[2025-12-13 12:56:14] done method=OnlineSGD seed=4 h=1 MAE=0.579299 RMSE=0.744435 sMAPE=0.883503 Rec=0.677749
[2025-12-13 12:57:18] done method=SlidingWindowSGD seed=4 h=1 MAE=0.531264 RMSE=0.694173 sMAPE=0.831704 Rec=0.700073
[2025-12-13 12:58:14] done method=PHResetSGD seed=4 h=1 MAE=0.581681 RMSE=0.747386 sMAPE=0.887973 Rec=0.708020
[2025-12-13 12:59:15] done method=UniformReplay seed=4 h=1 MAE=0.532560 RMSE=0.697643 sMAPE=0.838111 Rec=0.683710
[2025-12-13 13:00:17] done method=ReservoirReplay seed=4 h=1 MAE=0.752027 RMSE=0.991172 sMAPE=0.997769 Rec=0.986994
[2025-12-13 13:01:20] done method=DriftRPL seed=4 h=1 MAE=0.964536 RMSE=1.238633 sMAPE=1.809354 Rec=1.122267
[2025-12-13 13:01:31] done method=Static seed=0 h=5 MAE=1.543703 RMSE=2.199796 sMAPE=1.822131 Rec=1.557626
[2025-12-13 13:02:28] done method=OnlineSGD seed=0 h=5 MAE=0.685354 RMSE=0.890812 sMAPE=0.846898 Rec=1.002762
[2025-12-13 13:03:32] done method=SlidingWindowSGD seed=0 h=5 MAE=0.551851 RMSE=0.749168 sMAPE=0.728031 Rec=1.007326
[2025-12-13 13:04:29] done method=PHResetSGD seed=0 h=5 MAE=0.643881 RMSE=0.848405 sMAPE=0.817412 Rec=0.990061
[2025-12-13 13:05:31] done method=UniformReplay seed=0 h=5 MAE=0.559052 RMSE=0.752617 sMAPE=0.735305 Rec=0.998572
[2025-12-13 13:06:33] done method=ReservoirReplay seed=0 h=5 MAE=0.848079 RMSE=1.162849 sMAPE=0.890701 Rec=1.639198
[2025-12-13 13:07:36] done method=DriftRPL seed=0 h=5 MAE=0.992243 RMSE=1.276588 sMAPE=1.170388 Rec=1.153647
[2025-12-13 13:07:47] done method=Static seed=1 h=5 MAE=1.450939 RMSE=1.870161 sMAPE=1.954113 Rec=1.453685
[2025-12-13 13:08:43] done method=OnlineSGD seed=1 h=5 MAE=0.653999 RMSE=0.838067 sMAPE=0.753971 Rec=0.774297
[2025-12-13 13:09:46] done method=SlidingWindowSGD seed=1 h=5 MAE=0.567128 RMSE=0.749577 sMAPE=0.719762 Rec=0.870283
[2025-12-13 13:10:44] done method=PHResetSGD seed=1 h=5 MAE=0.657051 RMSE=0.847100 sMAPE=0.755972 Rec=0.809130
[2025-12-13 13:11:45] done method=UniformReplay seed=1 h=5 MAE=0.570717 RMSE=0.748863 sMAPE=0.724078 Rec=0.785224
[2025-12-13 13:12:48] done method=ReservoirReplay seed=1 h=5 MAE=0.732509 RMSE=0.954583 sMAPE=0.838730 Rec=1.103602
[2025-12-13 13:13:51] done method=DriftRPL seed=1 h=5 MAE=0.832158 RMSE=1.030935 sMAPE=0.955732 Rec=0.967426
[2025-12-13 13:13:59] done method=Static seed=2 h=5 MAE=0.920863 RMSE=1.187432 sMAPE=1.702052 Rec=0.739909
[2025-12-13 13:14:55] done method=OnlineSGD seed=2 h=5 MAE=0.530584 RMSE=0.693549 sMAPE=0.884072 Rec=0.575515
[2025-12-13 13:15:55] done method=SlidingWindowSGD seed=2 h=5 MAE=0.504092 RMSE=0.663215 sMAPE=0.862810 Rec=0.590313
[2025-12-13 13:16:54] done method=PHResetSGD seed=2 h=5 MAE=0.530445 RMSE=0.692860 sMAPE=0.885823 Rec=0.574634
[2025-12-13 13:17:52] done method=UniformReplay seed=2 h=5 MAE=0.509903 RMSE=0.668686 sMAPE=0.869229 Rec=0.591432
[2025-12-13 13:18:52] done method=ReservoirReplay seed=2 h=5 MAE=0.626050 RMSE=0.825307 sMAPE=0.973572 Rec=0.752696
[2025-12-13 13:19:59] done method=DriftRPL seed=2 h=5 MAE=0.714445 RMSE=0.915155 sMAPE=1.274140 Rec=0.726002
[2025-12-13 13:20:10] done method=Static seed=3 h=5 MAE=0.988288 RMSE=1.290336 sMAPE=1.787945 Rec=1.020999
[2025-12-13 13:21:08] done method=OnlineSGD seed=3 h=5 MAE=0.599179 RMSE=0.781652 sMAPE=0.904556 Rec=0.721057
[2025-12-13 13:22:12] done method=SlidingWindowSGD seed=3 h=5 MAE=0.564987 RMSE=0.740609 sMAPE=0.877462 Rec=0.833881
[2025-12-13 13:23:08] done method=PHResetSGD seed=3 h=5 MAE=0.602209 RMSE=0.788998 sMAPE=0.910123 Rec=0.788983
[2025-12-13 13:24:12] done method=UniformReplay seed=3 h=5 MAE=0.567484 RMSE=0.741544 sMAPE=0.880944 Rec=0.788098
[2025-12-13 13:25:18] done method=ReservoirReplay seed=3 h=5 MAE=0.723045 RMSE=0.934666 sMAPE=0.988624 Rec=0.972012
[2025-12-13 13:26:23] done method=DriftRPL seed=3 h=5 MAE=0.777264 RMSE=1.003815 sMAPE=1.307983 Rec=0.935488
[2025-12-13 13:26:34] done method=Static seed=4 h=5 MAE=1.054871 RMSE=1.365415 sMAPE=1.843682 Rec=1.138759
[2025-12-13 13:27:32] done method=OnlineSGD seed=4 h=5 MAE=0.632133 RMSE=0.820246 sMAPE=0.912002 Rec=0.752654
[2025-12-13 13:28:38] done method=SlidingWindowSGD seed=4 h=5 MAE=0.551522 RMSE=0.729831 sMAPE=0.852965 Rec=0.897338
[2025-12-13 13:29:35] done method=PHResetSGD seed=4 h=5 MAE=0.609532 RMSE=0.792550 sMAPE=0.914010 Rec=0.821299
[2025-12-13 13:30:37] done method=UniformReplay seed=4 h=5 MAE=0.564006 RMSE=0.744235 sMAPE=0.863438 Rec=0.874253
[2025-12-13 13:31:40] done method=ReservoirReplay seed=4 h=5 MAE=0.792673 RMSE=1.059742 sMAPE=1.055517 Rec=1.109317
[2025-12-13 13:32:44] done method=DriftRPL seed=4 h=5 MAE=1.035207 RMSE=1.323543 sMAPE=1.838480 Rec=1.156125
[2025-12-13 13:32:55] done method=Static seed=0 h=10 MAE=1.538523 RMSE=2.195454 sMAPE=1.815300 Rec=1.552431
[2025-12-13 13:33:52] done method=OnlineSGD seed=0 h=10 MAE=0.702207 RMSE=0.965116 sMAPE=0.859598 Rec=1.146427
[2025-12-13 13:34:52] done method=SlidingWindowSGD seed=0 h=10 MAE=0.583747 RMSE=0.812557 sMAPE=0.746627 Rec=1.169916
[2025-12-13 13:35:33] done method=PHResetSGD seed=0 h=10 MAE=0.808009 RMSE=1.130783 sMAPE=0.865618 Rec=1.169560
[2025-12-13 13:36:22] done method=UniformReplay seed=0 h=10 MAE=0.592324 RMSE=0.818904 sMAPE=0.751293 Rec=1.185799
[2025-12-13 13:37:28] done method=ReservoirReplay seed=0 h=10 MAE=0.891760 RMSE=1.252755 sMAPE=0.919953 Rec=1.584041
[2025-12-13 13:38:35] done method=DriftRPL seed=0 h=10 MAE=1.621873 RMSE=2.163766 sMAPE=1.321984 Rec=1.695091
[2025-12-13 13:38:47] done method=Static seed=1 h=10 MAE=1.451407 RMSE=1.870500 sMAPE=1.954146 Rec=1.454190
[2025-12-13 13:39:46] done method=OnlineSGD seed=1 h=10 MAE=0.702874 RMSE=0.909323 sMAPE=0.787615 Rec=0.911083
[2025-12-13 13:40:53] done method=SlidingWindowSGD seed=1 h=10 MAE=0.593007 RMSE=0.791563 sMAPE=0.743907 Rec=1.030811
[2025-12-13 13:41:54] done method=PHResetSGD seed=1 h=10 MAE=0.702612 RMSE=0.919274 sMAPE=0.785743 Rec=0.959772
[2025-12-13 13:43:00] done method=UniformReplay seed=1 h=10 MAE=0.591138 RMSE=0.782911 sMAPE=0.743996 Rec=0.922635
[2025-12-13 13:44:07] done method=ReservoirReplay seed=1 h=10 MAE=0.810621 RMSE=1.077252 sMAPE=0.911151 Rec=1.311362
[2025-12-13 13:45:14] done method=DriftRPL seed=1 h=10 MAE=1.126578 RMSE=1.401977 sMAPE=1.134531 Rec=1.334376
[2025-12-13 13:45:24] done method=Static seed=2 h=10 MAE=0.924087 RMSE=1.191285 sMAPE=1.706867 Rec=0.743690
[2025-12-13 13:46:16] done method=OnlineSGD seed=2 h=10 MAE=0.571681 RMSE=0.742549 sMAPE=0.929490 Rec=0.654863
[2025-12-13 13:47:22] done method=SlidingWindowSGD seed=2 h=10 MAE=0.546038 RMSE=0.720748 sMAPE=0.898979 Rec=0.759785
[2025-12-13 13:48:22] done method=PHResetSGD seed=2 h=10 MAE=0.573694 RMSE=0.746194 sMAPE=0.930759 Rec=0.662718
[2025-12-13 13:49:27] done method=UniformReplay seed=2 h=10 MAE=0.551907 RMSE=0.724392 sMAPE=0.904442 Rec=0.711044
[2025-12-13 13:50:32] done method=ReservoirReplay seed=2 h=10 MAE=0.706166 RMSE=0.947428 sMAPE=1.042139 Rec=0.972046
[2025-12-13 13:51:39] done method=DriftRPL seed=2 h=10 MAE=0.824349 RMSE=1.055030 sMAPE=1.363161 Rec=0.844580
[2025-12-13 13:51:51] done method=Static seed=3 h=10 MAE=0.989105 RMSE=1.291144 sMAPE=1.789363 Rec=1.021484
[2025-12-13 13:52:48] done method=OnlineSGD seed=3 h=10 MAE=0.628130 RMSE=0.828312 sMAPE=0.918257 Rec=0.827826
[2025-12-13 13:53:51] done method=SlidingWindowSGD seed=3 h=10 MAE=0.580047 RMSE=0.763402 sMAPE=0.884427 Rec=0.913871
[2025-12-13 13:54:48] done method=PHResetSGD seed=3 h=10 MAE=0.624339 RMSE=0.824490 sMAPE=0.923312 Rec=0.844177
[2025-12-13 13:55:49] done method=UniformReplay seed=3 h=10 MAE=0.583189 RMSE=0.767039 sMAPE=0.886191 Rec=0.886868
[2025-12-13 13:56:50] done method=ReservoirReplay seed=3 h=10 MAE=0.787940 RMSE=1.044639 sMAPE=1.128953 Rec=1.118699
[2025-12-13 13:57:54] done method=DriftRPL seed=3 h=10 MAE=0.840175 RMSE=1.071825 sMAPE=1.367155 Rec=0.994326
[2025-12-13 13:58:05] done method=Static seed=4 h=10 MAE=1.050958 RMSE=1.361510 sMAPE=1.835855 Rec=1.134947
[2025-12-13 13:59:02] done method=OnlineSGD seed=4 h=10 MAE=0.677011 RMSE=0.867391 sMAPE=1.040134 Rec=0.945030
[2025-12-13 14:00:06] done method=SlidingWindowSGD seed=4 h=10 MAE=0.570454 RMSE=0.754147 sMAPE=0.874651 Rec=0.911915
[2025-12-13 14:01:04] done method=PHResetSGD seed=4 h=10 MAE=0.674499 RMSE=0.887413 sMAPE=0.939369 Rec=0.963629
[2025-12-13 14:02:05] done method=UniformReplay seed=4 h=10 MAE=0.569461 RMSE=0.748793 sMAPE=0.875982 Rec=0.830889
[2025-12-13 14:03:09] done method=ReservoirReplay seed=4 h=10 MAE=0.878406 RMSE=1.202882 sMAPE=1.077106 Rec=1.578521
[2025-12-13 14:04:12] done method=DriftRPL seed=4 h=10 MAE=1.000986 RMSE=1.277387 sMAPE=1.814134 Rec=1.146347
[2025-12-13 14:04:15] plots_saved prefix=rep_seed0_h1_gru_exp_0003_20251213_123043
[2025-12-13 14:04:15] saved outputs_ai_paper\exp_0003_20251213_123043\results_per_run_exp_0003_20251213_123043.csv
[2025-12-13 14:04:15] saved outputs_ai_paper\exp_0003_20251213_123043\results_agg_mean_std_exp_0003_20251213_123043.csv
[2025-12-13 14:04:15] saved outputs_ai_paper\exp_0003_20251213_123043\leaderboard_exp_0003_20251213_123043.csv
