[2025-12-13 13:47:22] run_start method=PHResetSGD mode=ph_reset_sgd seed=2 h=10 device=cuda
[2025-12-13 13:47:22] cfg L=64 M=128 B=32 K=1 lr=0.0003 warmup=200
[2025-12-13 13:47:22] progress step=0/11927 loss=2.912412 ema=2.912412
[2025-12-13 13:47:22] drift_detected step=200 optimizer_reset=1
[2025-12-13 13:47:22] drift_detected step=251 optimizer_reset=1
[2025-12-13 13:47:23] progress step=500/11927 loss=0.000318 ema=1.074588
[2025-12-13 13:47:26] progress step=1000/11927 loss=0.010174 ema=0.827635
[2025-12-13 13:47:29] progress step=1500/11927 loss=0.037552 ema=0.788829
[2025-12-13 13:47:31] drift_detected step=1962 optimizer_reset=1
[2025-12-13 13:47:31] progress step=2000/11927 loss=0.250008 ema=0.856858
[2025-12-13 13:47:34] progress step=2500/11927 loss=1.320948 ema=0.377860
[2025-12-13 13:47:36] progress step=3000/11927 loss=0.016462 ema=0.271251
[2025-12-13 13:47:39] progress step=3500/11927 loss=0.018285 ema=0.266922
[2025-12-13 13:47:41] progress step=4000/11927 loss=0.213186 ema=0.357880
[2025-12-13 13:47:44] progress step=4500/11927 loss=0.145650 ema=0.375457
[2025-12-13 13:47:46] progress step=5000/11927 loss=0.009144 ema=0.300851
[2025-12-13 13:47:49] progress step=5500/11927 loss=0.224791 ema=0.361150
[2025-12-13 13:47:52] progress step=6000/11927 loss=0.151742 ema=0.453293
[2025-12-13 13:47:54] progress step=6500/11927 loss=0.020078 ema=0.273548
[2025-12-13 13:47:57] progress step=7000/11927 loss=0.315507 ema=0.318203
[2025-12-13 13:47:59] progress step=7500/11927 loss=0.003268 ema=0.408318
[2025-12-13 13:48:01] drift_detected step=7945 optimizer_reset=1
[2025-12-13 13:48:02] progress step=8000/11927 loss=3.272095 ema=0.960073
[2025-12-13 13:48:04] progress step=8500/11927 loss=0.145357 ema=0.807488
[2025-12-13 13:48:07] progress step=9000/11927 loss=0.007436 ema=0.758961
[2025-12-13 13:48:07] drift_detected step=9030 optimizer_reset=1
[2025-12-13 13:48:10] progress step=9500/11927 loss=0.021963 ema=0.753091
[2025-12-13 13:48:12] drift_detected step=9939 optimizer_reset=1
[2025-12-13 13:48:12] progress step=10000/11927 loss=0.419800 ema=1.036785
[2025-12-13 13:48:15] progress step=10500/11927 loss=0.819322 ema=0.366664
[2025-12-13 13:48:18] progress step=11000/11927 loss=0.466730 ema=0.381970
[2025-12-13 13:48:20] progress step=11500/11927 loss=0.005018 ema=0.306320
[2025-12-13 13:48:22] run_end status=OK
