[2025-12-12 23:57:26] run_start method=PHResetSGD mode=ph_reset_sgd seed=0 h=1 device=cuda
[2025-12-12 23:57:26] cfg L=64 M=128 B=32 K=1 lr=0.0003 warmup=200
[2025-12-12 23:57:26] progress step=0/11936 loss=6.470235 ema=6.470235
[2025-12-12 23:57:28] progress step=500/11936 loss=0.543548 ema=0.762528
[2025-12-12 23:57:30] progress step=1000/11936 loss=0.386948 ema=0.533377
[2025-12-12 23:57:33] progress step=1500/11936 loss=0.078299 ema=0.438191
[2025-12-12 23:57:36] progress step=2000/11936 loss=0.000020 ema=0.531882
[2025-12-12 23:57:37] drift_detected step=2168 optimizer_reset=1
[2025-12-12 23:57:38] progress step=2500/11936 loss=0.047685 ema=0.758093
[2025-12-12 23:57:40] drift_detected step=2808 optimizer_reset=1
[2025-12-12 23:57:41] drift_detected step=2951 optimizer_reset=1
[2025-12-12 23:57:41] progress step=3000/11936 loss=0.278714 ema=0.758938
[2025-12-12 23:57:41] drift_detected step=3037 optimizer_reset=1
[2025-12-12 23:57:41] drift_detected step=3088 optimizer_reset=1
[2025-12-12 23:57:42] drift_detected step=3153 optimizer_reset=1
[2025-12-12 23:57:42] drift_detected step=3246 optimizer_reset=1
[2025-12-12 23:57:44] progress step=3500/11936 loss=0.049934 ema=0.654385
[2025-12-12 23:57:46] drift_detected step=3948 optimizer_reset=1
[2025-12-12 23:57:46] progress step=4000/11936 loss=1.411161 ema=0.780544
[2025-12-12 23:57:47] drift_detected step=4065 optimizer_reset=1
[2025-12-12 23:57:49] progress step=4500/11936 loss=0.153416 ema=0.416348
[2025-12-12 23:57:52] progress step=5000/11936 loss=0.007772 ema=0.430596
[2025-12-12 23:57:54] progress step=5500/11936 loss=0.015794 ema=0.323634
[2025-12-12 23:57:57] progress step=6000/11936 loss=2.051603 ema=0.515696
[2025-12-12 23:58:00] progress step=6500/11936 loss=0.040266 ema=0.421302
[2025-12-12 23:58:02] progress step=7000/11936 loss=1.119754 ema=0.429785
[2025-12-12 23:58:05] progress step=7500/11936 loss=0.277544 ema=0.432547
[2025-12-12 23:58:07] drift_detected step=7967 optimizer_reset=1
[2025-12-12 23:58:07] progress step=8000/11936 loss=3.011555 ema=3.050162
[2025-12-12 23:58:10] progress step=8500/11936 loss=1.647939 ema=0.938000
[2025-12-12 23:58:13] progress step=9000/11936 loss=1.814144 ema=0.418965
[2025-12-12 23:58:15] progress step=9500/11936 loss=0.322319 ema=0.315144
[2025-12-12 23:58:18] progress step=10000/11936 loss=0.085266 ema=0.442181
[2025-12-12 23:58:18] drift_detected step=10124 optimizer_reset=1
[2025-12-12 23:58:20] progress step=10500/11936 loss=0.187924 ema=0.470877
[2025-12-12 23:58:23] progress step=11000/11936 loss=0.138771 ema=0.337803
[2025-12-12 23:58:25] progress step=11500/11936 loss=0.169409 ema=0.359170
[2025-12-12 23:58:28] run_end status=OK
